<?xml version="1.0" encoding="UTF-8"?>
<!-- Generated by org.testng.reporters.JUnitReportReporter -->
<testsuite skipped="0" hostname="MP2LTDDCJKFSLQ2" name="com.inetBanking.TestCases.TC_EditCustomer_004" tests="1" failures="0" timestamp="16 Aug 2020 12:52:10 GMT" time="4.446" errors="0">
  <testcase name="EditCustomer" time="4.446" classname="com.inetBanking.TestCases.TC_EditCustomer_004"/>
</testsuite> <!-- com.inetBanking.TestCases.TC_EditCustomer_004 -->
