<?xml version="1.0" encoding="UTF-8"?>
<!-- Generated by org.testng.reporters.JUnitReportReporter -->
<testsuite skipped="0" hostname="MP2LTDDCJKFSLQ2" name="com.inetBanking.TestCases.TC_Login_001" tests="1" failures="0" timestamp="16 Aug 2020 12:52:10 GMT" time="2.226" errors="0">
  <testcase name="loginTest" time="2.226" classname="com.inetBanking.TestCases.TC_Login_001"/>
</testsuite> <!-- com.inetBanking.TestCases.TC_Login_001 -->
