<?xml version="1.0" encoding="UTF-8"?>
<!-- Generated by org.testng.reporters.JUnitReportReporter -->
<testsuite skipped="0" hostname="MP2LTDDCJKFSLQ2" name="com.inetBanking.TestCases.TC_NewAccount_004" tests="1" failures="0" timestamp="05 Sep 2020 10:33:16 GMT" time="7.580" errors="0">
  <testcase name="NewAccountCration" time="7.580" classname="com.inetBanking.TestCases.TC_NewAccount_004"/>
</testsuite> <!-- com.inetBanking.TestCases.TC_NewAccount_004 -->
